ImportError: numpy.core.multiarray failed to import

The above exception was the direct cause of the following exception:

Traceback (most recent call last):
  File "C:\Users\tanis\AppData\Local\Programs\Python\Python312\Lib\site-packages\transformers\utils\import_utils.py", line 1778, in _get_module
    return importlib.import_module("." + module_name, self.__name__)
           ^^^^^^^^^^^^^^^^^^^^^^^^^^^^^^^^^^^^^^^^^^^^^^^^^^^^^^^^^
  File "C:\Users\tanis\AppData\Local\Programs\Python\Python312\Lib\importlib\__init__.py", line 90, in import_module
    return _bootstrap._gcd_import(name[level:], package, level)
           ^^^^^^^^^^^^^^^^^^^^^^^^^^^^^^^^^^^^^^^^^^^^^^^^^^^^
  File "<frozen importlib._bootstrap>", line 1387, in _gcd_import
  File "<frozen importlib._bootstrap>", line 1360, in _find_and_load
  File "<frozen importlib._bootstrap>", line 1331, in _find_and_load_unlocked
  File "<frozen importlib._bootstrap>", line 935, in _load_unlocked
  File "<frozen importlib._bootstrap_external>", line 995, in exec_module
  File "<frozen importlib._bootstrap>", line 488, in _call_with_frames_removed
  File "C:\Users\tanis\AppData\Local\Programs\Python\Python312\Lib\site-packages\transformers\models\layoutlm\modeling_layoutlm.py", line 34, in <module>
    from ...modeling_utils import PreTrainedModel
  File "C:\Users\tanis\AppData\Local\Programs\Python\Python312\Lib\site-packages\transformers\modeling_utils.py", line 48, in <module>
    from .loss.loss_utils import LOSS_MAPPING
  File "C:\Users\tanis\AppData\Local\Programs\Python\Python312\Lib\site-packages\transformers\loss\loss_utils.py", line 19, in <module>
    from .loss_deformable_detr import DeformableDetrForObjectDetectionLoss, DeformableDetrForSegmentationLoss
  File "C:\Users\tanis\AppData\Local\Programs\Python\Python312\Lib\site-packages\transformers\loss\loss_deformable_detr.py", line 4, in <module>
    from ..image_transforms import center_to_corners_format
  File "C:\Users\tanis\AppData\Local\Programs\Python\Python312\Lib\site-packages\transformers\image_transforms.py", line 50, in <module>
    import tensorflow as tf
  File "C:\Users\tanis\AppData\Local\Programs\Python\Python312\Lib\site-packages\tensorflow\__init__.py", line 47, in <module>
    from tensorflow._api.v2 import __internal__
  File "C:\Users\tanis\AppData\Local\Programs\Python\Python312\Lib\site-packages\tensorflow\_api\v2\__internal__\__init__.py", line 11, in <module>
    from tensorflow._api.v2.__internal__ import distribute
  File "C:\Users\tanis\AppData\Local\Programs\Python\Python312\Lib\site-packages\tensorflow\_api\v2\__internal__\distribute\__init__.py", line 8, in <module>
    from tensorflow._api.v2.__internal__.distribute import combinations
  File "C:\Users\tanis\AppData\Local\Programs\Python\Python312\Lib\site-packages\tensorflow\_api\v2\__internal__\distribute\combinations\__init__.py", line 8, in <module>
    from tensorflow.python.distribute.combinations import env # line: 456
    ^^^^^^^^^^^^^^^^^^^^^^^^^^^^^^^^^^^^^^^^^^^^^^^^^^^^^^^^^
  File "C:\Users\tanis\AppData\Local\Programs\Python\Python312\Lib\site-packages\tensorflow\python\distribute\combinations.py", line 33, in <module>
    from tensorflow.python.distribute import collective_all_reduce_strategy
  File "C:\Users\tanis\AppData\Local\Programs\Python\Python312\Lib\site-packages\tensorflow\python\distribute\collective_all_reduce_strategy.py", line 25, in <module>
    from tensorflow.python.distribute import cross_device_ops as cross_device_ops_lib
  File "C:\Users\tanis\AppData\Local\Programs\Python\Python312\Lib\site-packages\tensorflow\python\distribute\cross_device_ops.py", line 28, in <module>
    from tensorflow.python.distribute import cross_device_utils
  File "C:\Users\tanis\AppData\Local\Programs\Python\Python312\Lib\site-packages\tensorflow\python\distribute\cross_device_utils.py", line 22, in <module>
    from tensorflow.python.distribute import values as value_lib
  File "C:\Users\tanis\AppData\Local\Programs\Python\Python312\Lib\site-packages\tensorflow\python\distribute\values.py", line 23, in <module>
    from tensorflow.python.distribute import distribute_lib
  File "C:\Users\tanis\AppData\Local\Programs\Python\Python312\Lib\site-packages\tensorflow\python\distribute\distribute_lib.py", line 205, in <module>
    from tensorflow.python.data.ops import dataset_ops
  File "C:\Users\tanis\AppData\Local\Programs\Python\Python312\Lib\site-packages\tensorflow\python\data\__init__.py", line 21, in <module>
    from tensorflow.python.data import experimental
  File "C:\Users\tanis\AppData\Local\Programs\Python\Python312\Lib\site-packages\tensorflow\python\data\experimental\__init__.py", line 98, in <module>
    from tensorflow.python.data.experimental import service
  File "C:\Users\tanis\AppData\Local\Programs\Python\Python312\Lib\site-packages\tensorflow\python\data\experimental\service\__init__.py", line 419, in <module>
    from tensorflow.python.data.experimental.ops.data_service_ops import distribute
  File "C:\Users\tanis\AppData\Local\Programs\Python\Python312\Lib\site-packages\tensorflow\python\data\experimental\ops\data_service_ops.py", line 26, in <module>
    from tensorflow.python.data.ops import dataset_ops
  File "C:\Users\tanis\AppData\Local\Programs\Python\Python312\Lib\site-packages\tensorflow\python\data\ops\dataset_ops.py", line 34, in <module>
    from tensorflow.python.data.ops import iterator_ops
  File "C:\Users\tanis\AppData\Local\Programs\Python\Python312\Lib\site-packages\tensorflow\python\data\ops\iterator_ops.py", line 45, in <module>
    from tensorflow.python.training.saver import BaseSaverBuilder
  File "C:\Users\tanis\AppData\Local\Programs\Python\Python312\Lib\site-packages\tensorflow\python\training\saver.py", line 50, in <module>
    from tensorflow.python.training import py_checkpoint_reader
  File "C:\Users\tanis\AppData\Local\Programs\Python\Python312\Lib\site-packages\tensorflow\python\training\py_checkpoint_reader.py", line 19, in <module>
    from tensorflow.python.util._pywrap_checkpoint_reader import CheckpointReader
SystemError: initialization of _pywrap_checkpoint_reader raised unreported exception

The above exception was the direct cause of the following exception:

Traceback (most recent call last):
  File "C:\Users\tanis\Finwise\test_import.py", line 5, in <module>
    from transformers import LayoutLMTokenizerFast, LayoutLMForTokenClassification
  File "<frozen importlib._bootstrap>", line 1412, in _handle_fromlist
  File "C:\Users\tanis\AppData\Local\Programs\Python\Python312\Lib\site-packages\transformers\utils\import_utils.py", line 1767, in __getattr__
    value = getattr(module, name)
            ^^^^^^^^^^^^^^^^^^^^^
  File "C:\Users\tanis\AppData\Local\Programs\Python\Python312\Lib\site-packages\transformers\utils\import_utils.py", line 1766, in __getattr__
    module = self._get_module(self._class_to_module[name])
             ^^^^^^^^^^^^^^^^^^^^^^^^^^^^^^^^^^^^^^^^^^^^^
  File "C:\Users\tanis\AppData\Local\Programs\Python\Python312\Lib\site-packages\transformers\utils\import_utils.py", line 1780, in _get_module
    raise RuntimeError(
RuntimeError: Failed to import transformers.models.layoutlm.modeling_layoutlm because of the following error (look up to see its traceback):
initialization of _pywrap_checkpoint_reader raised unreported exception

Exception: Failed to import transformers.models.layoutlm.modeling_layoutlm because of the following error (look up to see its traceback):
initialization of _pywrap_checkpoint_reader raised unreported exception
